make all --print-data-base --no-builtin-variables --no-builtin-rules --question
make: *** No rule to make target 'all'.  Stop.

# GNU Make 4.3
# Built for x86_64-pc-linux-gnu
# Copyright (C) 1988-2020 Free Software Foundation, Inc.
# License GPLv3+: GNU GPL version 3 or later <http://gnu.org/licenses/gpl.html>
# This is free software: you are free to change and redistribute it.
# There is NO WARRANTY, to the extent permitted by law.

# Make data base, printed on Sat Nov 23 11:27:22 2024

# Variables

# environment
GDK_BACKEND = x11
# environment
MEMORY_PRESSURE_WRITE = c29tZSAyMDAwMDAgMjAwMDAwMAA=
# environment
LC_ALL = C
# environment
GNOME_SHELL_SESSION_MODE = ubuntu
# environment
DEVECOSTUDIO_VM_OPTIONS = /home/osami/Загрузки/jetbra/vmoptions/devecostudio.vmoptions
# environment
GJS_DEBUG_OUTPUT = stderr
# environment
SNAP_LAUNCHER_ARCH_TRIPLET = x86_64-linux-gnu
# environment
VSCODE_CRASH_REPORTER_PROCESS_TYPE = extensionHost
# environment
VSCODE_CWD = /home/osami
# environment
WINDOWPATH = 2
# default
MAKE_COMMAND := make
# environment
GTK3_MODULES = xapp-gtk3-module
# environment
QT_ACCESSIBILITY = 1
# environment
GOPATH = /home/osami/go
# automatic
@D = $(patsubst %/,%,$(dir $@))
# environment
SNAP_INSTANCE_NAME = code
# environment
GDK_PIXBUF_MODULEDIR = /snap/code/176/usr/lib/x86_64-linux-gnu/gdk-pixbuf-2.0/2.10.0/loaders
# environment
STUDIO_VM_OPTIONS = /home/osami/Загрузки/jetbra/vmoptions/studio.vmoptions
# environment
VSCODE_HANDLES_UNCAUGHT_ERRORS = true
# default
.VARIABLES := 
# environment
PWD = /home/osami/Документы/code/golang/cat-story
# automatic
%D = $(patsubst %/,%,$(dir $%))
# environment
LSCOLORS = Gxfxcxdxbxegedabagacad
# environment
XDG_DATA_DIRS = /home/osami/snap/code/176/.local/share:/home/osami/snap/code/176:/snap/code/176/usr/share:/usr/share/ubuntu:/usr/share/gnome:/home/osami/.local/share/flatpak/exports/share:/var/lib/flatpak/exports/share:/usr/local/share/:/usr/share/:/var/lib/snapd/desktop
# environment
SNAP_EUID = 1000
# environment
OLDPWD = /home/osami
# automatic
^D = $(patsubst %/,%,$(dir $^))
# automatic
%F = $(notdir $%)
# environment
VSCODE_CODE_CACHE_PATH = /home/osami/.config/Code/CachedData/f1a4fb101478ce6ec82fe9627c43efbf9e98c813
# environment
LANG = C
# environment
XAUTHORITY = /run/user/1000/gdm/Xauthority
# default
.LOADED := 
# default
.INCLUDE_DIRS = /usr/local/include /usr/include /usr/include
# environment
MEMORY_PRESSURE_WATCH = /sys/fs/cgroup/user.slice/user-1000.slice/user@1000.service/session.slice/org.gnome.Shell@x11.service/memory.pressure
# makefile
MAKEFLAGS = pqrR
# environment
GOLAND_VM_OPTIONS = /home/osami/Загрузки/jetbra/vmoptions/goland.vmoptions
# makefile
CURDIR := /home/osami/Документы/code/golang/cat-story
# environment
APPLICATION_INSIGHTS_NO_DIAGNOSTIC_CHANNEL = true
# environment
VSCODE_L10N_BUNDLE_LOCATION = file:///home/osami/.vscode/extensions/ms-ceintl.vscode-language-pack-ru-1.95.2024103009/translations/extensions/vscode.html-language-features.i18n.json
# automatic
*D = $(patsubst %/,%,$(dir $*))
# environment
JETBRAINSCLIENT_VM_OPTIONS = /home/osami/Загрузки/jetbra/vmoptions/jetbrainsclient.vmoptions
# environment
MFLAGS = -pqrR
# environment
SSH_AUTH_SOCK = /run/user/1000/keyring/ssh
# default
.SHELLFLAGS := -c
# environment
XDG_CONFIG_DIRS = /etc/xdg/xdg-ubuntu:/etc/xdg
# automatic
+D = $(patsubst %/,%,$(dir $+))
# environment
P9K_SSH = 0
# environment
XDG_SESSION_DESKTOP = ubuntu
# makefile (from 'Makefile', line 1)
MAKEFILE_LIST := Makefile
# automatic
@F = $(notdir $@)
# environment
VSCODE_PID = 61560
# environment
XDG_SESSION_TYPE = x11
# automatic
?D = $(patsubst %/,%,$(dir $?))
# environment
CLION_VM_OPTIONS = /home/osami/Загрузки/jetbra/vmoptions/clion.vmoptions
# environment
BAMF_DESKTOP_FILE_HINT = /var/lib/snapd/desktop/applications/code_code.desktop
# environment
XDG_DATA_HOME = /home/osami/snap/code/176/.local/share
# environment
SESSION_MANAGER = local/osami:@/tmp/.ICE-unix/4005,unix/osami:/tmp/.ICE-unix/4005
# automatic
*F = $(notdir $*)
# environment
QT_QPA_PLATFORMTHEME = qt5ct
# environment
APPCODE_VM_OPTIONS = /home/osami/Загрузки/jetbra/vmoptions/appcode.vmoptions
# environment
CHROME_DESKTOP = code.desktop
# environment
DBUS_SESSION_BUS_ADDRESS = unix:path=/run/user/1000/bus
# automatic
<D = $(patsubst %/,%,$(dir $<))
# environment
VSCODE_NLS_CONFIG = {"userLocale":"ru","osLocale":"ru-ru","resolvedLanguage":"ru","defaultMessagesFile":"/snap/code/176/usr/share/code/resources/app/out/nls.messages.json","languagePack":{"translationsConfigFile":"/home/osami/.config/Code/clp/58ac899bb3d0805277404352838d1d0a.ru/tcf.json","messagesFile":"/home/osami/.config/Code/clp/58ac899bb3d0805277404352838d1d0a.ru/f1a4fb101478ce6ec82fe9627c43efbf9e98c813/nls.messages.json","corruptMarkerFile":"/home/osami/.config/Code/clp/58ac899bb3d0805277404352838d1d0a.ru/corrupted.info"},"locale":"ru","availableLanguages":{"*":"ru"},"_languagePackId":"58ac899bb3d0805277404352838d1d0a.ru","_languagePackSupport":true,"_translationsConfigFile":"/home/osami/.config/Code/clp/58ac899bb3d0805277404352838d1d0a.ru/tcf.json","_cacheRoot":"/home/osami/.config/Code/clp/58ac899bb3d0805277404352838d1d0a.ru","_resolvedLanguagePackCoreLocation":"/home/osami/.config/Code/clp/58ac899bb3d0805277404352838d1d0a.ru/f1a4fb101478ce6ec82fe9627c43efbf9e98c813","_corruptedFile":"/home/osami/.config/Code/clp/58ac899bb3d0805277404352838d1d0a.ru/corrupted.info"}
# default
MAKE_HOST := x86_64-pc-linux-gnu
# environment
GTK_PATH = /snap/code/176/usr/lib/x86_64-linux-gnu/gtk-3.0
# environment
GNOME_DESKTOP_SESSION_ID = this-is-deprecated
# makefile
SHELL = /bin/sh
# default
MAKECMDGOALS := all
# environment
XMODIFIERS = @im=ibus
# environment
GJS_DEBUG_TOPICS = JS ERROR;JS LOG
# environment
SHLVL = 0
# environment
PHPSTORM_VM_OPTIONS = /home/osami/Загрузки/jetbra/vmoptions/phpstorm.vmoptions
# environment
RUBYMINE_VM_OPTIONS = /home/osami/Загрузки/jetbra/vmoptions/rubymine.vmoptions
# environment
MAKELEVEL := 0
# default
MAKE = $(MAKE_COMMAND)
# environment
GSK_RENDERER = gl
# environment
SNAP_COOKIE = ZHOC1fBW3VUCACkUAz0ju9ODj0GEeXq9THRBGAlYLK-MDvjc7yML
# environment
PATH = /home/osami/bin:/usr/local/bin:/home/osami/.cargo/bin:/home/osami/.local/bin:/usr/local/sbin:/usr/local/bin:/usr/sbin:/usr/bin:/sbin:/bin:/usr/games:/usr/local/games:/snap/bin:/snap/bin:/home/osami/go/bin
# default
MAKEFILES := 
# automatic
^F = $(notdir $^)
# environment
SNAP_USER_COMMON = /home/osami/snap/code/common
# environment
WEBIDE_VM_OPTIONS = /home/osami/Загрузки/jetbra/vmoptions/webide.vmoptions
# environment
SNAP = /snap/code/176
# environment
PYCHARM_VM_OPTIONS = /home/osami/Загрузки/jetbra/vmoptions/pycharm.vmoptions
# environment
RIDER_VM_OPTIONS = /home/osami/Загрузки/jetbra/vmoptions/rider.vmoptions
# environment
IDEA_VM_OPTIONS = /home/osami/Загрузки/jetbra/vmoptions/idea.vmoptions
# environment
GOTELEMETRY_GOPLS_CLIENT_START_TIME = 1724769344
# environment
INVOCATION_ID = d2670d69ae704d3fa2f2931823008088
# environment
SNAP_REVISION = 176
# environment
SNAP_REAL_HOME = /home/osami
# environment
USERNAME = osami
# automatic
?F = $(notdir $?)
# environment
GTK_IM_MODULE_FILE = /home/osami/snap/code/common/.cache/immodules/immodules.cache
# environment
DATAGRIP_VM_OPTIONS = /home/osami/Загрузки/jetbra/vmoptions/datagrip.vmoptions
# environment
XDG_CURRENT_DESKTOP = Unity
# environment
WEBSTORM_VM_OPTIONS = /home/osami/Загрузки/jetbra/vmoptions/webstorm.vmoptions
# automatic
+F = $(notdir $+)
# environment
LESS = -R
# environment
DESKTOP_SESSION = ubuntu
# environment
ORIGINAL_XDG_CURRENT_DESKTOP = ubuntu:GNOME
# environment
LOCPATH = /snap/code/176/usr/lib/locale
# 'override' directive
GNUMAKEFLAGS := 
# environment
DATASPELL_VM_OPTIONS = /home/osami/Загрузки/jetbra/vmoptions/dataspell.vmoptions
# environment
XDG_DATA_DIRS_VSCODE_SNAP_ORIG = /usr/share/ubuntu:/usr/share/gnome:/home/osami/.local/share/flatpak/exports/share:/var/lib/flatpak/exports/share:/usr/local/share/:/usr/share/:/var/lib/snapd/desktop
# environment
LOGNAME = osami
# environment
GOTELEMETRY_GOPLS_CLIENT_TOKEN = 561
# environment
GIO_LAUNCHED_DESKTOP_FILE = /var/lib/snapd/desktop/applications/code_code.desktop
# environment
SNAP_ARCH = amd64
# makefile
.DEFAULT_GOAL := build
# environment
SYSTEMD_EXEC_PID = 4086
# environment
DISPLAY = :1
# environment
USER = osami
# environment
GTK_MODULES = gail:atk-bridge
# default
MAKE_VERSION := 4.3
# environment
SNAP_DATA = /var/snap/code/176
# environment
SNAP_CONTEXT = ZHOC1fBW3VUCACkUAz0ju9ODj0GEeXq9THRBGAlYLK-MDvjc7yML
# environment
MANAGERPID = 3667
# environment
DEBUGINFOD_URLS = https://debuginfod.ubuntu.com 
# environment
GIO_LAUNCHED_DESKTOP_FILE_PID = 61514
# environment
PAGER = less
# environment
JETBRAINS_CLIENT_VM_OPTIONS = /home/osami/Загрузки/jetbra/vmoptions/jetbrains_client.vmoptions
# environment
_ = /snap/code/176/usr/share/code/code
# environment
XDG_RUNTIME_DIR = /run/user/1000
# environment
GPG_AGENT_INFO = /run/user/1000/gnupg/S.gpg-agent:0:1
# environment
SNAP_UID = 1000
# environment
XDG_CONFIG_DIRS_VSCODE_SNAP_ORIG = /etc/xdg/xdg-ubuntu:/etc/xdg
# environment
GDK_PIXBUF_MODULE_FILE = /home/osami/snap/code/common/.cache/gdk-pixbuf-loaders.cache
# environment
GIO_MODULE_DIR = /home/osami/snap/code/common/.cache/gio-modules
# environment
JOURNAL_STREAM = 8:25192
# environment
GOMODCACHE = /home/osami/go/pkg/mod
# environment
XDG_SESSION_CLASS = user
# environment
GSM_SKIP_SSH_AGENT_WORKAROUND = true
 
# environment
HOME = /home/osami
# environment
QT_IM_MODULE = ibus
# environment
ELECTRON_RUN_AS_NODE = 1
# environment
VSCODE_IPC_HOOK = /run/user/1000/vscode-cdb0eac1-1.95-main.sock
# environment
GTK_EXE_PREFIX = /snap/code/176/usr
# environment
SNAP_NAME = code
# environment
GSETTINGS_SCHEMA_DIR = /home/osami/snap/code/176/.local/share/glib-2.0/schemas
# environment
GOPROXY = https://proxy.golang.org,direct
# default
.RECIPEPREFIX := 
# automatic
<F = $(notdir $<)
# environment
SNAP_VERSION = f1a4fb10
# default
SUFFIXES := 
# environment
VSCODE_CLI = 1
# environment
ELECTRON_NO_ATTACH_CONSOLE = 1
# environment
SNAP_COMMON = /var/snap/code/common
# default
.FEATURES := target-specific order-only second-expansion else-if shortest-stem undefine oneshell nocomment grouped-target extra-prereqs archives jobserver output-sync check-symlink load
# environment
GATEWAY_VM_OPTIONS = /home/osami/Загрузки/jetbra/vmoptions/gateway.vmoptions
# environment
SNAP_USER_DATA = /home/osami/snap/code/176
# environment
XDG_MENU_PREFIX = gnome-
# environment
VSCODE_ESM_ENTRYPOINT = vs/workbench/api/node/extensionHostProcess
# environment
GDMSESSION = ubuntu
# environment
SNAP_LIBRARY_PATH = /var/lib/snapd/lib/gl:/var/lib/snapd/lib/gl32:/var/lib/snapd/void
# variable set hash-table stats:
# Load=155/1024=15%, Rehash=0, Collisions=9/185=5%

# Pattern-specific Variable Values

# No pattern-specific variable values.

# Directories

# . (device 2050, inode 9311503): 17 files, no impossibilities.

# 17 files, no impossibilities in 1 directories.

# Implicit Rules

# No implicit rules.

# Files

build-js:
#  Implicit rule search has not been done.
#  Modification time never checked.
#  File has not been updated.
#  recipe to execute (from 'Makefile', line 10):
	npm --prefix ./web run build:js

# Not a target:
Makefile:
#  Implicit rule search has been done.
#  Last modified 2024-11-22 17:35:29.358990405
#  File has been updated.
#  Successfully updated.

# Not a target:
.DEFAULT:
#  Implicit rule search has not been done.
#  Modification time never checked.
#  File has not been updated.

# Not a target:
all:
#  Command line target.
#  Implicit rule search has been done.
#  File does not exist.
#  File has not been updated.

run:
#  Implicit rule search has not been done.
#  Modification time never checked.
#  File has not been updated.
#  recipe to execute (from 'Makefile', line 7):
	$(MAKE) build
	./bin/app

build:
#  Implicit rule search has not been done.
#  Modification time never checked.
#  File has not been updated.
#  recipe to execute (from 'Makefile', line 2):
	templ generate internal/view
	$(MAKE) build-js
	$(MAKE) build-css
	go build -o ./bin/app cmd/cat-story/main.go

build-css:
#  Implicit rule search has not been done.
#  Modification time never checked.
#  File has not been updated.
#  recipe to execute (from 'Makefile', line 13):
	npm --prefix ./web run build:css

# files hash-table stats:
# Load=8/1024=1%, Rehash=0, Collisions=0/18=0%
# VPATH Search Paths

# No 'vpath' search paths.

# No general ('VPATH' variable) search path.

# strcache buffers: 1 (0) / strings = 26 / storage = 194 B / avg = 7 B
# current buf: size = 8162 B / used = 194 B / count = 26 / avg = 7 B

# strcache performance: lookups = 34 / hit rate = 23%
# hash-table stats:
# Load=26/8192=0%, Rehash=0, Collisions=0/34=0%
# Finished Make data base on Sat Nov 23 11:27:22 2024

 
